[debug] [2023-01-04T23:56:40.521Z] ----------------------------------------------------------------------
[debug] [2023-01-04T23:56:40.524Z] Command:       C:\Program Files\nodejs\node.exe C:\Users\emre_\AppData\Roaming\npm\node_modules\firebase-tools\lib\bin\firebase.js init
[debug] [2023-01-04T23:56:40.525Z] CLI Version:   11.19.0
[debug] [2023-01-04T23:56:40.525Z] Platform:      win32
[debug] [2023-01-04T23:56:40.525Z] Node Version:  v18.12.1
[debug] [2023-01-04T23:56:40.536Z] Time:          Thu Jan 05 2023 02:56:40 GMT+0300 (GMT+03:00)
[debug] [2023-01-04T23:56:40.537Z] ----------------------------------------------------------------------
[debug] 
[debug] [2023-01-04T23:56:40.662Z] > command requires scopes: ["email","openid","https://www.googleapis.com/auth/cloudplatformprojects.readonly","https://www.googleapis.com/auth/firebase","https://www.googleapis.com/auth/cloud-platform"]
[debug] [2023-01-04T23:56:40.662Z] > authorizing via signed-in user (emredindr@gmail.com)
[info] 
     ######## #### ########  ######## ########     ###     ######  ########
     ##        ##  ##     ## ##       ##     ##  ##   ##  ##       ##
     ######    ##  ########  ######   ########  #########  ######  ######
     ##        ##  ##    ##  ##       ##     ## ##     ##       ## ##
     ##       #### ##     ## ######## ########  ##     ##  ######  ########

You're about to initialize a Firebase project in this directory:

  C:\Users\emre_\source\AngularDigitalArchiveClient

Before we get started, keep in mind:

  * You are initializing within an existing Firebase project directory

